<?xml version="1.0" encoding="UTF-8"?>
<testng-results ignored="0" total="1" passed="1" failed="0" skipped="0">
  <reporter-output>
  </reporter-output>
  <suite started-at="2022-10-07T04:03:52Z" name="Default suite" finished-at="2022-10-07T04:04:00Z" duration-ms="8183">
    <groups>
    </groups>
    <test started-at="2022-10-07T04:03:52Z" name="Default test" finished-at="2022-10-07T04:04:00Z" duration-ms="8183">
      <class name="testng.Method_Overloading_Searching">
        <test-method signature="Search()[pri:0, instance:testng.Method_Overloading_Searching@332729ad]" started-at="2022-10-07T04:03:52Z" name="Search" finished-at="2022-10-07T04:04:00Z" duration-ms="8172" status="PASS">
          <reporter-output>
          </reporter-output>
        </test-method> <!-- Search -->
      </class> <!-- testng.Method_Overloading_Searching -->
    </test> <!-- Default test -->
  </suite> <!-- Default suite -->
</testng-results>
